000003 INFO S0 start
000004 INFO S1 start
000004 INFO S2 start
Test (2A): election after network failure ...
000004 TERM S2 StartNewElection in term 1
000004 TERM S0 StartNewElection in term 1
000006 TERM S1 StartNewElection in term 1
000008 VOTE S1 received requestvote from S2 in term1
000008 VOTE S2 received requestvote from S0 in term1
000009 VOTE S0 received requestvote from S2 in term1
000009 VOTE S1 received requestvote from S0 in term1
000009 VOTE S0 received requestvote from S1 in term1
000009 VOTE S2 received requestvote from S1 in term1
003837 TERM S1 StartNewElection in term 2
003842 VOTE S0 received requestvote from S1 in term2
003842 VOTE S0 voted for S1 in term2
003843 LEAD S1 win the election in term2
003847 TIMR S2 received heartbeat from S1 with term2 in term1
003842 VOTE S2 received requestvote from S1 in term2
003852 TIMR S0 received heartbeat from S1 with term2 in term2
003955 TIMR S0 received heartbeat from S1 with term2 in term2
003955 TIMR S2 received heartbeat from S1 with term2 in term2
004064 TIMR S0 received heartbeat from S1 with term2 in term2
004065 TIMR S2 received heartbeat from S1 with term2 in term2
004175 TIMR S2 received heartbeat from S1 with term2 in term2
004175 TIMR S0 received heartbeat from S1 with term2 in term2
004287 TIMR S0 received heartbeat from S1 with term2 in term2
004287 TIMR S2 received heartbeat from S1 with term2 in term2
004388 TIMR S2 received heartbeat from S1 with term2 in term2
004388 TIMR S0 received heartbeat from S1 with term2 in term2
004490 TIMR S0 received heartbeat from S1 with term2 in term2
004490 TIMR S2 received heartbeat from S1 with term2 in term2
004600 TIMR S2 received heartbeat from S1 with term2 in term2
004600 TIMR S0 received heartbeat from S1 with term2 in term2
004710 TIMR S0 received heartbeat from S1 with term2 in term2
004710 TIMR S2 received heartbeat from S1 with term2 in term2
004823 TIMR S2 received heartbeat from S1 with term2 in term2
004823 TIMR S0 received heartbeat from S1 with term2 in term2
004931 TIMR S0 received heartbeat from S1 with term2 in term2
004931 TIMR S2 received heartbeat from S1 with term2 in term2
005040 TIMR S2 received heartbeat from S1 with term2 in term2
005040 TIMR S0 received heartbeat from S1 with term2 in term2
005148 TIMR S2 received heartbeat from S1 with term2 in term2
005148 TIMR S0 received heartbeat from S1 with term2 in term2
005257 TIMR S0 received heartbeat from S1 with term2 in term2
005257 TIMR S2 received heartbeat from S1 with term2 in term2
005364 WARN S0 is leader%!d(bool=false) in term2
005365 WARN S1 is leader%!d(bool=true) in term2
005365 WARN S2 is leader%!d(bool=false) in term2
008623 TERM S0 StartNewElection in term 3
008625 VOTE S2 received requestvote from S0 in term3
008625 VOTE S2 voted for S0 in term3
008626 LEAD S0 win the election in term3
008627 TIMR S2 received heartbeat from S0 with term3 in term3
008737 TIMR S2 received heartbeat from S0 with term3 in term3
008848 TIMR S2 received heartbeat from S0 with term3 in term3
008958 TIMR S2 received heartbeat from S0 with term3 in term3
009068 TIMR S2 received heartbeat from S0 with term3 in term3
009177 TIMR S2 received heartbeat from S0 with term3 in term3
009287 TIMR S2 received heartbeat from S0 with term3 in term3
009391 TIMR S2 received heartbeat from S0 with term3 in term3
009503 TIMR S2 received heartbeat from S0 with term3 in term3
009615 TIMR S2 received heartbeat from S0 with term3 in term3
009714 TIMR S2 received heartbeat from S0 with term3 in term3
009823 TIMR S2 received heartbeat from S0 with term3 in term3
009933 TIMR S2 received heartbeat from S0 with term3 in term3
010040 TIMR S2 received heartbeat from S0 with term3 in term3
010149 TIMR S2 received heartbeat from S0 with term3 in term3
010253 TIMR S2 received heartbeat from S0 with term3 in term3
010266 WARN S0 is leader%!d(bool=true) in term3
010266 WARN S2 is leader%!d(bool=false) in term3
010361 TIMR S2 received heartbeat from S0 with term3 in term3
010364 TIMR S1 received heartbeat from S0 with term3 in term2
010468 TIMR S2 received heartbeat from S0 with term3 in term3
010468 TIMR S1 received heartbeat from S0 with term3 in term3
010576 TIMR S1 received heartbeat from S0 with term3 in term3
010576 TIMR S2 received heartbeat from S0 with term3 in term3
010683 TIMR S2 received heartbeat from S0 with term3 in term3
010683 TIMR S1 received heartbeat from S0 with term3 in term3
010794 TIMR S1 received heartbeat from S0 with term3 in term3
010794 TIMR S2 received heartbeat from S0 with term3 in term3
010900 TIMR S2 received heartbeat from S0 with term3 in term3
010900 TIMR S1 received heartbeat from S0 with term3 in term3
011008 TIMR S2 received heartbeat from S0 with term3 in term3
011010 TIMR S1 received heartbeat from S0 with term3 in term3
011114 TIMR S1 received heartbeat from S0 with term3 in term3
011114 TIMR S2 received heartbeat from S0 with term3 in term3
011222 TIMR S1 received heartbeat from S0 with term3 in term3
011222 TIMR S2 received heartbeat from S0 with term3 in term3
011331 TIMR S2 received heartbeat from S0 with term3 in term3
011331 TIMR S1 received heartbeat from S0 with term3 in term3
011438 TIMR S2 received heartbeat from S0 with term3 in term3
011438 TIMR S1 received heartbeat from S0 with term3 in term3
011547 TIMR S1 received heartbeat from S0 with term3 in term3
011547 TIMR S2 received heartbeat from S0 with term3 in term3
011656 TIMR S2 received heartbeat from S0 with term3 in term3
011656 TIMR S1 received heartbeat from S0 with term3 in term3
011765 TIMR S1 received heartbeat from S0 with term3 in term3
011765 TIMR S2 received heartbeat from S0 with term3 in term3
011867 TIMR S2 received heartbeat from S0 with term3 in term3
011867 TIMR S1 received heartbeat from S0 with term3 in term3
011975 TIMR S2 received heartbeat from S0 with term3 in term3
011975 TIMR S1 received heartbeat from S0 with term3 in term3
012083 TIMR S2 received heartbeat from S0 with term3 in term3
012083 TIMR S1 received heartbeat from S0 with term3 in term3
012188 TIMR S2 received heartbeat from S0 with term3 in term3
012188 TIMR S1 received heartbeat from S0 with term3 in term3
012297 TIMR S2 received heartbeat from S0 with term3 in term3
012297 TIMR S1 received heartbeat from S0 with term3 in term3
012404 TIMR S2 received heartbeat from S0 with term3 in term3
012405 TIMR S1 received heartbeat from S0 with term3 in term3
012512 TIMR S2 received heartbeat from S0 with term3 in term3
012512 TIMR S1 received heartbeat from S0 with term3 in term3
012619 TIMR S1 received heartbeat from S0 with term3 in term3
012619 TIMR S2 received heartbeat from S0 with term3 in term3
012725 TIMR S2 received heartbeat from S0 with term3 in term3
012726 TIMR S1 received heartbeat from S0 with term3 in term3
012833 TIMR S2 received heartbeat from S0 with term3 in term3
012833 TIMR S1 received heartbeat from S0 with term3 in term3
012936 TIMR S1 received heartbeat from S0 with term3 in term3
012936 TIMR S2 received heartbeat from S0 with term3 in term3
013041 TIMR S2 received heartbeat from S0 with term3 in term3
013041 TIMR S1 received heartbeat from S0 with term3 in term3
013148 TIMR S2 received heartbeat from S0 with term3 in term3
013148 TIMR S1 received heartbeat from S0 with term3 in term3
013249 TIMR S2 received heartbeat from S0 with term3 in term3
013249 TIMR S1 received heartbeat from S0 with term3 in term3
013354 TIMR S1 received heartbeat from S0 with term3 in term3
013354 TIMR S2 received heartbeat from S0 with term3 in term3
013460 TIMR S2 received heartbeat from S0 with term3 in term3
013460 TIMR S1 received heartbeat from S0 with term3 in term3
013565 TIMR S2 received heartbeat from S0 with term3 in term3
013565 TIMR S1 received heartbeat from S0 with term3 in term3
013670 TIMR S2 received heartbeat from S0 with term3 in term3
013672 TIMR S1 received heartbeat from S0 with term3 in term3
013775 TIMR S2 received heartbeat from S0 with term3 in term3
013775 TIMR S1 received heartbeat from S0 with term3 in term3
013879 TIMR S2 received heartbeat from S0 with term3 in term3
013879 TIMR S1 received heartbeat from S0 with term3 in term3
013984 TIMR S2 received heartbeat from S0 with term3 in term3
013984 TIMR S1 received heartbeat from S0 with term3 in term3
014097 TIMR S2 received heartbeat from S0 with term3 in term3
014103 TIMR S1 received heartbeat from S0 with term3 in term3
014200 TIMR S2 received heartbeat from S0 with term3 in term3
014201 TIMR S1 received heartbeat from S0 with term3 in term3
014307 TIMR S2 received heartbeat from S0 with term3 in term3
014309 TIMR S1 received heartbeat from S0 with term3 in term3
014412 TIMR S2 received heartbeat from S0 with term3 in term3
014412 TIMR S1 received heartbeat from S0 with term3 in term3
014518 TIMR S1 received heartbeat from S0 with term3 in term3
014518 TIMR S2 received heartbeat from S0 with term3 in term3
014624 TIMR S1 received heartbeat from S0 with term3 in term3
014624 TIMR S2 received heartbeat from S0 with term3 in term3
014729 TIMR S2 received heartbeat from S0 with term3 in term3
014729 TIMR S1 received heartbeat from S0 with term3 in term3
014835 TIMR S1 received heartbeat from S0 with term3 in term3
014835 TIMR S2 received heartbeat from S0 with term3 in term3
014943 TIMR S1 received heartbeat from S0 with term3 in term3
014943 TIMR S2 received heartbeat from S0 with term3 in term3
015049 TIMR S2 received heartbeat from S0 with term3 in term3
015049 TIMR S1 received heartbeat from S0 with term3 in term3
015155 TIMR S1 received heartbeat from S0 with term3 in term3
015155 TIMR S2 received heartbeat from S0 with term3 in term3
015262 TIMR S2 received heartbeat from S0 with term3 in term3
015262 TIMR S1 received heartbeat from S0 with term3 in term3
015368 TIMR S2 received heartbeat from S0 with term3 in term3
015368 TIMR S1 received heartbeat from S0 with term3 in term3
015476 TIMR S1 received heartbeat from S0 with term3 in term3
015476 TIMR S2 received heartbeat from S0 with term3 in term3
015583 TIMR S1 received heartbeat from S0 with term3 in term3
015583 TIMR S2 received heartbeat from S0 with term3 in term3
015684 TIMR S2 received heartbeat from S0 with term3 in term3
015686 TIMR S1 received heartbeat from S0 with term3 in term3
015687 WARN S0 is leader%!d(bool=true) in term3
015687 WARN S1 is leader%!d(bool=false) in term3
015687 WARN S2 is leader%!d(bool=false) in term3
018662 TERM S1 StartNewElection in term 4
019297 TERM S2 StartNewElection in term 4
020833 TERM S1 StartNewElection in term 5
021787 TERM S2 StartNewElection in term 5
023713 TERM S1 StartNewElection in term 6
024140 TERM S2 StartNewElection in term 6
025873 TERM S1 StartNewElection in term 7
026461 TERM S2 StartNewElection in term 7
028786 TERM S2 StartNewElection in term 8
028836 TERM S1 StartNewElection in term 8
031298 TERM S1 StartNewElection in term 9
031462 TERM S2 StartNewElection in term 9
034057 TERM S1 StartNewElection in term 10
034355 TERM S2 StartNewElection in term 10
035689 WARN S2 is leader%!d(bool=false) in term10
036471 TERM S2 StartNewElection in term 11
036476 VOTE S1 received requestvote from S2 in term11
036476 VOTE S1 voted for S2 in term11
036477 LEAD S2 win the election in term11
036479 TIMR S1 received heartbeat from S2 with term11 in term11
036580 TIMR S1 received heartbeat from S2 with term11 in term11
036686 TIMR S1 received heartbeat from S2 with term11 in term11
036793 TIMR S1 received heartbeat from S2 with term11 in term11
036899 TIMR S1 received heartbeat from S2 with term11 in term11
037004 TIMR S1 received heartbeat from S2 with term11 in term11
037112 TIMR S1 received heartbeat from S2 with term11 in term11
037218 TIMR S1 received heartbeat from S2 with term11 in term11
037325 TIMR S1 received heartbeat from S2 with term11 in term11
037433 TIMR S1 received heartbeat from S2 with term11 in term11
037540 TIMR S1 received heartbeat from S2 with term11 in term11
037648 TIMR S1 received heartbeat from S2 with term11 in term11
037758 TIMR S1 received heartbeat from S2 with term11 in term11
037864 TIMR S1 received heartbeat from S2 with term11 in term11
037975 TIMR S1 received heartbeat from S2 with term11 in term11
038083 TIMR S1 received heartbeat from S2 with term11 in term11
038191 TIMR S1 received heartbeat from S2 with term11 in term11
038300 TIMR S1 received heartbeat from S2 with term11 in term11
038400 TIMR S1 received heartbeat from S2 with term11 in term11
038509 TIMR S1 received heartbeat from S2 with term11 in term11
038619 TIMR S1 received heartbeat from S2 with term11 in term11
038725 TIMR S1 received heartbeat from S2 with term11 in term11
038827 TIMR S1 received heartbeat from S2 with term11 in term11
038935 TIMR S1 received heartbeat from S2 with term11 in term11
039037 TIMR S1 received heartbeat from S2 with term11 in term11
039142 TIMR S1 received heartbeat from S2 with term11 in term11
039243 TIMR S1 received heartbeat from S2 with term11 in term11
039346 TIMR S1 received heartbeat from S2 with term11 in term11
039451 TIMR S1 received heartbeat from S2 with term11 in term11
039557 TIMR S1 received heartbeat from S2 with term11 in term11
039660 TIMR S1 received heartbeat from S2 with term11 in term11
039761 TIMR S1 received heartbeat from S2 with term11 in term11
039868 TIMR S1 received heartbeat from S2 with term11 in term11
039966 TIMR S1 received heartbeat from S2 with term11 in term11
040067 TIMR S1 received heartbeat from S2 with term11 in term11
040168 TIMR S1 received heartbeat from S2 with term11 in term11
040270 TIMR S1 received heartbeat from S2 with term11 in term11
040373 TIMR S1 received heartbeat from S2 with term11 in term11
040475 TIMR S1 received heartbeat from S2 with term11 in term11
040579 TIMR S1 received heartbeat from S2 with term11 in term11
040679 TIMR S1 received heartbeat from S2 with term11 in term11
040779 TIMR S1 received heartbeat from S2 with term11 in term11
040835 WARN S1 is leader%!d(bool=false) in term11
040836 WARN S2 is leader%!d(bool=true) in term11
040881 TIMR S1 received heartbeat from S2 with term11 in term11
040881 TIMR S1 received heartbeat from S0 with term3 in term11
040881 TIMR S0 received heartbeat from S2 with term11 in term3
040882 TIMR S2 received heartbeat from S0 with term3 in term11
040982 TIMR S1 received heartbeat from S2 with term11 in term11
040982 TIMR S0 received heartbeat from S2 with term11 in term11
041085 TIMR S1 received heartbeat from S2 with term11 in term11
041087 TIMR S0 received heartbeat from S2 with term11 in term11
041186 TIMR S0 received heartbeat from S2 with term11 in term11
041186 TIMR S1 received heartbeat from S2 with term11 in term11
041288 TIMR S1 received heartbeat from S2 with term11 in term11
041290 TIMR S0 received heartbeat from S2 with term11 in term11
041389 TIMR S1 received heartbeat from S2 with term11 in term11
041389 TIMR S0 received heartbeat from S2 with term11 in term11
041489 TIMR S1 received heartbeat from S2 with term11 in term11
041489 TIMR S0 received heartbeat from S2 with term11 in term11
041592 TIMR S0 received heartbeat from S2 with term11 in term11
041592 TIMR S1 received heartbeat from S2 with term11 in term11
041692 TIMR S1 received heartbeat from S2 with term11 in term11
041692 TIMR S0 received heartbeat from S2 with term11 in term11
041793 TIMR S0 received heartbeat from S2 with term11 in term11
041793 TIMR S1 received heartbeat from S2 with term11 in term11
041894 TIMR S1 received heartbeat from S2 with term11 in term11
041894 TIMR S0 received heartbeat from S2 with term11 in term11
041995 TIMR S1 received heartbeat from S2 with term11 in term11
041996 TIMR S0 received heartbeat from S2 with term11 in term11
042095 TIMR S0 received heartbeat from S2 with term11 in term11
042095 TIMR S1 received heartbeat from S2 with term11 in term11
042196 TIMR S1 received heartbeat from S2 with term11 in term11
042196 TIMR S0 received heartbeat from S2 with term11 in term11
042296 TIMR S1 received heartbeat from S2 with term11 in term11
042297 TIMR S0 received heartbeat from S2 with term11 in term11
042397 TIMR S1 received heartbeat from S2 with term11 in term11
042397 TIMR S0 received heartbeat from S2 with term11 in term11
042497 TIMR S1 received heartbeat from S2 with term11 in term11
042497 TIMR S0 received heartbeat from S2 with term11 in term11
042599 TIMR S0 received heartbeat from S2 with term11 in term11
042603 TIMR S1 received heartbeat from S2 with term11 in term11
042698 TIMR S1 received heartbeat from S2 with term11 in term11
042698 TIMR S0 received heartbeat from S2 with term11 in term11
042799 TIMR S0 received heartbeat from S2 with term11 in term11
042799 TIMR S1 received heartbeat from S2 with term11 in term11
042900 TIMR S1 received heartbeat from S2 with term11 in term11
042900 TIMR S0 received heartbeat from S2 with term11 in term11
043007 TIMR S1 received heartbeat from S2 with term11 in term11
043007 TIMR S0 received heartbeat from S2 with term11 in term11
043108 TIMR S1 received heartbeat from S2 with term11 in term11
043108 TIMR S0 received heartbeat from S2 with term11 in term11
043209 TIMR S1 received heartbeat from S2 with term11 in term11
043209 TIMR S0 received heartbeat from S2 with term11 in term11
043309 TIMR S0 received heartbeat from S2 with term11 in term11
043309 TIMR S1 received heartbeat from S2 with term11 in term11
043409 TIMR S1 received heartbeat from S2 with term11 in term11
043409 TIMR S0 received heartbeat from S2 with term11 in term11
043509 TIMR S1 received heartbeat from S2 with term11 in term11
043509 TIMR S0 received heartbeat from S2 with term11 in term11
043610 TIMR S1 received heartbeat from S2 with term11 in term11
043610 TIMR S0 received heartbeat from S2 with term11 in term11
043711 TIMR S0 received heartbeat from S2 with term11 in term11
043711 TIMR S1 received heartbeat from S2 with term11 in term11
043811 TIMR S1 received heartbeat from S2 with term11 in term11
043811 TIMR S0 received heartbeat from S2 with term11 in term11
043912 TIMR S1 received heartbeat from S2 with term11 in term11
043912 TIMR S0 received heartbeat from S2 with term11 in term11
044017 TIMR S0 received heartbeat from S2 with term11 in term11
044017 TIMR S1 received heartbeat from S2 with term11 in term11
044118 TIMR S1 received heartbeat from S2 with term11 in term11
044118 TIMR S0 received heartbeat from S2 with term11 in term11
044220 TIMR S0 received heartbeat from S2 with term11 in term11
044220 TIMR S1 received heartbeat from S2 with term11 in term11
044320 TIMR S0 received heartbeat from S2 with term11 in term11
044320 TIMR S1 received heartbeat from S2 with term11 in term11
044423 TIMR S1 received heartbeat from S2 with term11 in term11
044424 TIMR S0 received heartbeat from S2 with term11 in term11
044525 TIMR S0 received heartbeat from S2 with term11 in term11
044525 TIMR S1 received heartbeat from S2 with term11 in term11
044624 TIMR S0 received heartbeat from S2 with term11 in term11
044624 TIMR S1 received heartbeat from S2 with term11 in term11
044726 TIMR S1 received heartbeat from S2 with term11 in term11
044726 TIMR S0 received heartbeat from S2 with term11 in term11
044827 TIMR S0 received heartbeat from S2 with term11 in term11
044827 TIMR S1 received heartbeat from S2 with term11 in term11
044929 TIMR S1 received heartbeat from S2 with term11 in term11
044930 TIMR S0 received heartbeat from S2 with term11 in term11
045031 TIMR S0 received heartbeat from S2 with term11 in term11
045031 TIMR S1 received heartbeat from S2 with term11 in term11
045131 TIMR S0 received heartbeat from S2 with term11 in term11
045131 TIMR S1 received heartbeat from S2 with term11 in term11
045231 TIMR S1 received heartbeat from S2 with term11 in term11
045231 TIMR S0 received heartbeat from S2 with term11 in term11
045332 TIMR S1 received heartbeat from S2 with term11 in term11
045332 TIMR S0 received heartbeat from S2 with term11 in term11
045432 TIMR S0 received heartbeat from S2 with term11 in term11
045432 TIMR S1 received heartbeat from S2 with term11 in term11
045534 TIMR S1 received heartbeat from S2 with term11 in term11
045534 TIMR S0 received heartbeat from S2 with term11 in term11
045577 WARN S0 is leader%!d(bool=false) in term11
045578 WARN S1 is leader%!d(bool=false) in term11
045578 WARN S2 is leader%!d(bool=true) in term11
  ... Passed --   4.6  3  946  238446    0
PASS
ok  	6.5840/raft	4.679s
